Sat Sep 27 2025 13:40:38 GMT+0400 (GMT+04:00) GET /api/books/bf7fd751-20a9-4588-b8bf-0b7276fb8b62
Sat Sep 27 2025 13:40:43 GMT+0400 (GMT+04:00) GET /api/books
Sat Sep 27 2025 13:42:15 GMT+0400 (GMT+04:00) GET /api/books/123
Sat Sep 27 2025 14:05:02 GMT+0400 (GMT+04:00) GET /api/books
Sat Sep 27 2025 14:05:06 GMT+0400 (GMT+04:00) POST /api/books/uuidv4-1
Sat Sep 27 2025 14:05:12 GMT+0400 (GMT+04:00) GET /api/books/bf7fd751-20a9-4588-b8bf-0b7276fb8b62
Sat Sep 27 2025 14:30:08 GMT+0400 (GMT+04:00) POST /api/books/upload/uuidv4-1
Sat Sep 27 2025 14:30:45 GMT+0400 (GMT+04:00) POST /api/books/upload/uuidv4-1
Sat Sep 27 2025 14:30:57 GMT+0400 (GMT+04:00) GET /api/books
Sat Sep 27 2025 14:36:57 GMT+0400 (GMT+04:00) GET /api/books/uuidv4-1/download
Sat Sep 27 2025 14:39:40 GMT+0400 (GMT+04:00) GET /api/books/uuidv4-1/download
Sat Sep 27 2025 14:39:52 GMT+0400 (GMT+04:00) GET /api/books/uuidv4-1/download
Sat Sep 27 2025 14:40:19 GMT+0400 (GMT+04:00) GET /api/books/uuidv4-1/download
Sat Sep 27 2025 14:40:32 GMT+0400 (GMT+04:00) GET /api/books/uuidv4-1/download
Sat Sep 27 2025 14:41:00 GMT+0400 (GMT+04:00) GET /api/books/uuidv4-1/download
Sat Sep 27 2025 14:41:16 GMT+0400 (GMT+04:00) POST /api/books/upload/uuidv4-1
Sat Sep 27 2025 14:41:23 GMT+0400 (GMT+04:00) GET /api/books/uuidv4-1/download
Sat Sep 27 2025 14:43:12 GMT+0400 (GMT+04:00) POST /api/books/upload/uuidv4-1
Sat Sep 27 2025 14:43:16 GMT+0400 (GMT+04:00) GET /api/books/uuidv4-1/download
Sat Sep 27 2025 14:47:38 GMT+0400 (GMT+04:00) POST /api/books/upload/uuidv4-1
Sat Sep 27 2025 14:47:45 GMT+0400 (GMT+04:00) POST /api/books/upload/uuidv4-1
Sat Sep 27 2025 14:48:05 GMT+0400 (GMT+04:00) POST /api/books/upload/uuidv4-1
Sat Sep 27 2025 14:48:09 GMT+0400 (GMT+04:00) POST /api/books/upload/uuidv4-1
